#
# There is insufficient memory for the Java Runtime Environment to continue.
# Native memory allocation (mmap) failed to map 134217728 bytes for Failed to commit area from 0x0000000081400000 to 0x0000000089400000 of length 134217728.
# Possible reasons:
#   The system is out of physical RAM or swap space
#   The process is running with CompressedOops enabled, and the Java Heap may be blocking the growth of the native heap
# Possible solutions:
#   Reduce memory load on the system
#   Increase physical memory or swap space
#   Check if swap backing store is full
#   Decrease Java heap size (-Xmx/-Xms)
#   Decrease number of Java threads
#   Decrease Java thread stack sizes (-Xss)
#   Set larger code cache with -XX:ReservedCodeCacheSize=
#   JVM is running with Unscaled Compressed Oops mode in which the Java heap is
#     placed in the first 4GB address space. The Java Heap base address is the
#     maximum limit for the native heap growth. Please use -XX:HeapBaseMinAddress
#     to set the Java Heap base and to place the Java Heap above 4GB virtual address.
# This output file may be truncated or incomplete.
#
#  Out of Memory Error (./open/src/hotspot/os/windows/os_windows.cpp:3315), pid=17620, tid=18060
#
# JRE version:  (14.0.1+7) (build )
# Java VM: Java HotSpot(TM) 64-Bit Server VM (14.0.1+7, mixed mode, sharing, tiered, compressed oops, g1 gc, windows-amd64)
# No core dump will be written. Minidumps are not enabled by default on client versions of Windows
#

---------------  S U M M A R Y ------------

Command Line: -XX:+ShowCodeDetailsInExceptionMessages -agentlib:jdwp=transport=dt_socket,suspend=y,address=localhost:49805 -javaagent:C:\java\eclipse\configuration\org.eclipse.osgi\626\0\.cp\lib\javaagent-shaded.jar -Dfile.encoding=Cp1252 Film

Host: Intel(R) Core(TM) i3-5010U CPU @ 2.10GHz, 4 cores, 7G,  Windows 10 , 64 bit Build 18362 (10.0.18362.1500)
Time: Sun Nov 28 03:54:21 2021 Maroc (heure d?été) elapsed time: 0 seconds (0d 0h 0m 0s)

---------------  T H R E A D  ---------------

Current thread (0x0000025f35bcd800):  JavaThread "Unknown thread" [_thread_in_vm, id=18060, stack(0x000000a3c0b00000,0x000000a3c0c00000)]

Stack: [0x000000a3c0b00000,0x000000a3c0c00000]
Native frames: (J=compiled Java code, j=interpreted, Vv=VM code, C=native code)
V  [jvm.dll+0x5f840a]
V  [jvm.dll+0x741e4a]
V  [jvm.dll+0x7435ff]
V  [jvm.dll+0x743c43]
V  [jvm.dll+0x20d288]
V  [jvm.dll+0x5f57ba]
V  [jvm.dll+0x5ea615]
V  [jvm.dll+0x2c7e9c]
V  [jvm.dll+0x2c7cd2]
V  [jvm.dll+0x2cdbbc]
V  [jvm.dll+0x313ff8]
V  [jvm.dll+0x313720]
V  [jvm.dll+0x2a092a]
V  [jvm.dll+0x2a1a79]
V  [jvm.dll+0x71f718]
V  [jvm.dll+0x321c44]
V  [jvm.dll+0x700b0c]
V  [jvm.dll+0x392dff]
V  [jvm.dll+0x394e71]
C  [jli.dll+0x523b]
C  [ucrtbase.dll+0x210b2]
C  [KERNEL32.DLL+0x17c24]
C  [ntdll.dll+0x6d721]


---------------  P R O C E S S  ---------------

Threads class SMR info:
_java_thread_list=0x00007ffa32083078, length=0, elements={
}

Java Threads: ( => current thread )

Other Threads:
  0x0000025f35c11800 GCTaskThread "GC Thread#0" [stack: 0x000000a3c0d00000,0x000000a3c0e00000] [id=14856]
  0x0000025f35c23000 ConcurrentGCThread "G1 Main Marker" [stack: 0x000000a3c0e00000,0x000000a3c0f00000] [id=16924]
  0x0000025f35c25000 ConcurrentGCThread "G1 Conc#0" [stack: 0x000000a3c0f00000,0x000000a3c1000000] [id=17816]

[error occurred during error reporting (printing all threads), id 0xc0000005, EXCEPTION_ACCESS_VIOLATION (0xc0000005) at pc=0x00007ffa318b1257]

VM state:not at safepoint (not fully initialized)

VM Mutex/Monitor currently owned by a thread:  ([mutex/lock_event])
[0x0000025f35bc9980] Heap_lock - owner thread: 0x0000025f35bcd800

Heap address: 0x0000000081400000, size: 2028 MB, Compressed Oops mode: 32-bit
Narrow klass base: 0x0000000000000000, Narrow klass shift: 0

GC Heap History (0 events):
No events

Deoptimization events (0 events):
No events

Classes unloaded (0 events):
No events

Classes redefined (0 events):
No events

Internal exceptions (0 events):
No events

Events (2 events):
Event: 0.077 Loaded shared library C:\Program Files\Java\jdk-14.0.1\bin\java.dll
Event: 0.078 Loaded shared library C:\Program Files\Java\jdk-14.0.1\bin\zip.dll


Dynamic libraries:
0x00007ff7b1ac0000 - 0x00007ff7b1acf000 	C:\Program Files\Java\jdk-14.0.1\bin\javaw.exe
0x00007ffaa9f40000 - 0x00007ffaaa130000 	C:\WINDOWS\SYSTEM32\ntdll.dll
0x00007ffaa89d0000 - 0x00007ffaa8a82000 	C:\WINDOWS\System32\KERNEL32.DLL
0x00007ffaa7a40000 - 0x00007ffaa7ce5000 	C:\WINDOWS\System32\KERNELBASE.dll
0x00007ffaa7e90000 - 0x00007ffaa7f8a000 	C:\WINDOWS\System32\ucrtbase.dll
0x00007ffa8d4b0000 - 0x00007ffa8d4c8000 	C:\Program Files\Java\jdk-14.0.1\bin\jli.dll
0x00007ffaa8180000 - 0x00007ffaa8223000 	C:\WINDOWS\System32\ADVAPI32.dll
0x00007ffaa7ff0000 - 0x00007ffaa808e000 	C:\WINDOWS\System32\msvcrt.dll
0x00007ffaa94c0000 - 0x00007ffaa9557000 	C:\WINDOWS\System32\sechost.dll
0x00007ffaa9d80000 - 0x00007ffaa9e9f000 	C:\WINDOWS\System32\RPCRT4.dll
0x00007ffaa9a20000 - 0x00007ffaa9bb4000 	C:\WINDOWS\System32\USER32.dll
0x00007ffaa7960000 - 0x00007ffaa7981000 	C:\WINDOWS\System32\win32u.dll
0x00007ffaa98a0000 - 0x00007ffaa98c6000 	C:\WINDOWS\System32\GDI32.dll
0x00007ffaa6ee0000 - 0x00007ffaa7078000 	C:\WINDOWS\System32\gdi32full.dll
0x00007ffaa7d40000 - 0x00007ffaa7dde000 	C:\WINDOWS\System32\msvcp_win.dll
0x00007ffa70000000 - 0x00007ffa70015000 	C:\Program Files\Java\jdk-14.0.1\bin\VCRUNTIME140.dll
0x00007ffa964c0000 - 0x00007ffa96744000 	C:\WINDOWS\WinSxS\amd64_microsoft.windows.common-controls_6595b64144ccf1df_6.0.18362.1556_none_9e7e372fe45e41d5\COMCTL32.dll
0x00007ffaa9560000 - 0x00007ffaa9896000 	C:\WINDOWS\System32\combase.dll
0x00007ffaa7e00000 - 0x00007ffaa7e81000 	C:\WINDOWS\System32\bcryptPrimitives.dll
0x00007ffa9c260000 - 0x00007ffa9c26a000 	C:\WINDOWS\SYSTEM32\VERSION.dll
0x00007ffaa9400000 - 0x00007ffaa942e000 	C:\WINDOWS\System32\IMM32.DLL
0x00007ffa6ff60000 - 0x00007ffa6fffb000 	C:\Program Files\Java\jdk-14.0.1\bin\msvcp140.dll
0x00007ffa31600000 - 0x00007ffa3211e000 	C:\Program Files\Java\jdk-14.0.1\bin\server\jvm.dll
0x00007ffaa94a0000 - 0x00007ffaa94a8000 	C:\WINDOWS\System32\PSAPI.DLL
0x00007ffa8d8d0000 - 0x00007ffa8d8d9000 	C:\WINDOWS\SYSTEM32\WSOCK32.dll
0x00007ffaa9430000 - 0x00007ffaa949f000 	C:\WINDOWS\System32\WS2_32.dll
0x00007ffaa50c0000 - 0x00007ffaa50e4000 	C:\WINDOWS\SYSTEM32\WINMM.dll
0x00007ffaa4f00000 - 0x00007ffaa4f2d000 	C:\WINDOWS\SYSTEM32\WINMMBASE.dll
0x00007ffaa7cf0000 - 0x00007ffaa7d3a000 	C:\WINDOWS\System32\cfgmgr32.dll
0x00007ffaa6e70000 - 0x00007ffaa6e81000 	C:\WINDOWS\System32\kernel.appcore.dll
0x00007ffa8d8c0000 - 0x00007ffa8d8ca000 	C:\Program Files\Java\jdk-14.0.1\bin\jimage.dll
0x00007ffa992d0000 - 0x00007ffa994c4000 	C:\WINDOWS\SYSTEM32\DBGHELP.DLL
0x00007ffa99270000 - 0x00007ffa9929a000 	C:\WINDOWS\SYSTEM32\dbgcore.DLL
0x00007ffa6ff20000 - 0x00007ffa6ff58000 	C:\Program Files\Java\jdk-14.0.1\bin\jdwp.dll
0x00007ffa6feb0000 - 0x00007ffa6fed5000 	C:\Program Files\Java\jdk-14.0.1\bin\java.dll
0x00007ffa6ff10000 - 0x00007ffa6ff1e000 	C:\Program Files\Java\jdk-14.0.1\bin\instrument.dll
0x00007ffa79de0000 - 0x00007ffa79df6000 	C:\Program Files\Java\jdk-14.0.1\bin\zip.dll

dbghelp: loaded successfully - version: 4.0.5 - missing functions: none
symbol engine: initialized successfully - sym options: 0x614 - pdb path: .;C:\Program Files\Java\jdk-14.0.1\bin;C:\WINDOWS\SYSTEM32;C:\WINDOWS\WinSxS\amd64_microsoft.windows.common-controls_6595b64144ccf1df_6.0.18362.1556_none_9e7e372fe45e41d5;C:\Program Files\Java\jdk-14.0.1\bin\server

VM Arguments:
jvm_args: -XX:+ShowCodeDetailsInExceptionMessages -agentlib:jdwp=transport=dt_socket,suspend=y,address=localhost:49805 -javaagent:C:\java\eclipse\configuration\org.eclipse.osgi\626\0\.cp\lib\javaagent-shaded.jar -Dfile.encoding=Cp1252 
java_command: Film
java_class_path (initial): C:\Users\salah\eclipse-workspace\App_Sri\bin;C:\Users\salah\eclipse-workspace\App_Sri\jgoodies-common-1.8.0.jar;C:\Users\salah\eclipse-workspace\App_Sri\jgoodies-forms-1.8.0.jar;D:\mysql-connector.jar;D:\rs2xml.jar
Launcher Type: SUN_STANDARD

[Global flags]
     intx CICompilerCount                          = 3                                         {product} {ergonomic}
     uint ConcGCThreads                            = 1                                         {product} {ergonomic}
     uint G1ConcRefinementThreads                  = 4                                         {product} {ergonomic}
   size_t G1HeapRegionSize                         = 1048576                                   {product} {ergonomic}
    uintx GCDrainStackTargetSize                   = 64                                        {product} {ergonomic}
   size_t InitialHeapSize                          = 134217728                                 {product} {ergonomic}
   size_t MarkStackSize                            = 4194304                                   {product} {ergonomic}
   size_t MaxHeapSize                              = 2126512128                                {product} {ergonomic}
   size_t MinHeapDeltaBytes                        = 1048576                                   {product} {ergonomic}
   size_t MinHeapSize                              = 8388608                                   {product} {ergonomic}
    uintx NonNMethodCodeHeapSize                   = 5832780                                {pd product} {ergonomic}
    uintx NonProfiledCodeHeapSize                  = 122912730                              {pd product} {ergonomic}
    uintx ProfiledCodeHeapSize                     = 122912730                              {pd product} {ergonomic}
    uintx ReservedCodeCacheSize                    = 251658240                              {pd product} {ergonomic}
     bool SegmentedCodeCache                       = true                                      {product} {ergonomic}
     bool ShowCodeDetailsInExceptionMessages       = true                                   {manageable} {command line}
   size_t SoftMaxHeapSize                          = 2126512128                             {manageable} {ergonomic}
     bool UseCompressedClassPointers               = true                                 {lp64_product} {ergonomic}
     bool UseCompressedOops                        = true                                 {lp64_product} {ergonomic}
     bool UseG1GC                                  = true                                      {product} {ergonomic}
     bool UseLargePagesIndividualAllocation        = false                                  {pd product} {ergonomic}

Logging:
Log output configuration:
 #0: stdout all=warning uptime,level,tags
 #1: stderr all=off uptime,level,tags

Environment Variables:
JAVA_HOME=C:\Program Files\Java\jdk1.8.0_291
PATH=C:/Program Files/Java/jdk-14.0.1/bin/server;C:/Program Files/Java/jdk-14.0.1/bin;C:\Program Files (x86)\Common Files\Oracle\Java\javapath;C:\ProgramData\Oracle\Java\javapath;C:\WINDOWS\system32;C:\WINDOWS;C:\WINDOWS\System32\Wbem;C:\WINDOWS\System32\WindowsPowerShell\v1.0\;C:\WINDOWS\System32\OpenSSH\;%ANDROID_HOME%\platform-tools;C:\Program Files\Java\jdk1.8.0_291\bin;D:\Android\bin;C:\Users\salah\AppData\Local\Android\Sdk\platforms;C:\Users\salah\AppData\Local\Android\Sdk\platform-tools;C:\Users\salah\AppData\Local\Microsoft\WindowsApps;E:\IntelliJ IDEA Community Edition 2020.3.2\bin;;C:\Users\salah\AppData\Local\Programs\Microsoft VS Code\bin;C:\Users\salah\OneDrive\Bureau\Flutter\flutter\bin;C:\Users\salah\OneDrive\Bureau\Flutter\dart-sdk\bin;;C:\Users\salah\OneDrive\Bureau;
USERNAME=salah
OS=Windows_NT
PROCESSOR_IDENTIFIER=Intel64 Family 6 Model 61 Stepping 4, GenuineIntel



---------------  S Y S T E M  ---------------

OS: Windows 10 , 64 bit Build 18362 (10.0.18362.1500)
OS uptime: 0 days 8:05 hours

CPU:total 4 (initial active 4) (2 cores per cpu, 2 threads per core) family 6 model 61 stepping 4, cmov, cx8, fxsr, mmx, sse, sse2, sse3, ssse3, sse4.1, sse4.2, popcnt, avx, avx2, aes, clmul, erms, 3dnowpref, lzcnt, ht, tsc, tscinvbit, bmi1, bmi2, adx, fma

Memory: 4k page, system-wide physical 8109M (1835M free)
TotalPageFile size 15194M (AvailPageFile size 94M)
current process WorkingSet (physical memory assigned to process): 10M, peak: 10M
current process commit charge ("private bytes"): 52M, peak: 179M

vm_info: Java HotSpot(TM) 64-Bit Server VM (14.0.1+7) for windows-amd64 JRE (14.0.1+7), built on Mar  5 2020 10:30:14 by "mach5one" with MS VC++ 15.9 (VS2017)

END.
